<?xml version="1.0" encoding="UTF-8"?>
<!-- Generated by org.testng.reporters.JUnitXMLReporter -->
<testsuite ignored="0" hostname="OJAS00277" failures="0" tests="3" name="Default test" time="0.079" errors="0" timestamp="2021-07-31T10:27:37 IST">
  <testcase classname="com.testNG.PracticeTestNG" name="First" time="0.012"/>
  <testcase classname="com.testNG.PracticeTestNG" name="Second" time="0.002"/>
  <testcase classname="com.testNG.PracticeTestNG" name="Third" time="0.002"/>
</testsuite> <!-- Default test -->
